<?xml version="1.0" encoding="UTF-8"?>
<testng-results skipped="0" failed="0" ignored="0" total="1" passed="1">
  <reporter-output>
  </reporter-output>
  <suite name="Default suite" duration-ms="73899" started-at="2023-08-20T18:05:39 IST" finished-at="2023-08-20T18:06:52 IST">
    <groups>
    </groups>
    <test name="Default test" duration-ms="73899" started-at="2023-08-20T18:05:39 IST" finished-at="2023-08-20T18:06:52 IST">
      <class name="tests.selenium.TC001_SalesforceLogin">
        <test-method status="PASS" signature="beforeSuite()[pri:0, instance:tests.selenium.TC001_SalesforceLogin@2de8284b]" name="beforeSuite" is-config="true" duration-ms="1464" started-at="2023-08-20T18:05:37 IST" finished-at="2023-08-20T18:05:39 IST">
          <reporter-output>
          </reporter-output>
        </test-method> <!-- beforeSuite -->
        <test-method status="PASS" signature="setValues()[pri:0, instance:tests.selenium.TC001_SalesforceLogin@2de8284b]" name="setValues" is-config="true" duration-ms="9" started-at="2023-08-20T18:05:39 IST" finished-at="2023-08-20T18:05:39 IST">
          <reporter-output>
          </reporter-output>
        </test-method> <!-- setValues -->
        <test-method status="PASS" signature="beforeClass()[pri:0, instance:tests.selenium.TC001_SalesforceLogin@2de8284b]" name="beforeClass" is-config="true" duration-ms="6" started-at="2023-08-20T18:05:39 IST" finished-at="2023-08-20T18:05:39 IST">
          <reporter-output>
          </reporter-output>
        </test-method> <!-- beforeClass -->
        <test-method status="PASS" signature="beforeMethod()[pri:0, instance:tests.selenium.TC001_SalesforceLogin@2de8284b]" name="beforeMethod" is-config="true" duration-ms="13227" started-at="2023-08-20T18:05:40 IST" finished-at="2023-08-20T18:05:53 IST">
          <reporter-output>
          </reporter-output>
        </test-method> <!-- beforeMethod -->
        <test-method status="PASS" signature="createIncident(java.lang.String, java.lang.String, java.lang.String)[pri:0, instance:tests.selenium.TC001_SalesforceLogin@2de8284b]" name="createIncident" duration-ms="54534" started-at="2023-08-20T18:05:53 IST" data-provider="fetchData" finished-at="2023-08-20T18:06:47 IST">
          <params>
            <param index="0">
              <value>
                <![CDATA[incident]]>
              </value>
            </param>
            <param index="1">
              <value>
                <![CDATA[Abel]]>
              </value>
            </param>
            <param index="2">
              <value>
                <![CDATA[Ths is automated test from Makaia data 1]]>
              </value>
            </param>
          </params>
          <reporter-output>
          </reporter-output>
        </test-method> <!-- createIncident -->
        <test-method status="PASS" signature="afterMethod()[pri:0, instance:tests.selenium.TC001_SalesforceLogin@2de8284b]" name="afterMethod" is-config="true" duration-ms="5102" started-at="2023-08-20T18:06:47 IST" finished-at="2023-08-20T18:06:52 IST">
          <reporter-output>
          </reporter-output>
        </test-method> <!-- afterMethod -->
        <test-method status="PASS" signature="afterSuite()[pri:0, instance:tests.selenium.TC001_SalesforceLogin@2de8284b]" name="afterSuite" is-config="true" duration-ms="615" started-at="2023-08-20T18:06:53 IST" finished-at="2023-08-20T18:06:53 IST">
          <reporter-output>
          </reporter-output>
        </test-method> <!-- afterSuite -->
      </class> <!-- tests.selenium.TC001_SalesforceLogin -->
    </test> <!-- Default test -->
  </suite> <!-- Default suite -->
</testng-results>
